2020-01-11 11:50:07.204  INFO [ITEM-SERVICE,,,] 21720 --- [main] com.example.items.ItemsApplication       : No active profile set, falling back to default profiles: default
2020-01-11 11:50:08.141  INFO [ITEM-SERVICE,,,] 21720 --- [main] o.s.cloud.context.scope.GenericScope     : BeanFactory id=2d545b6e-ffb7-3393-8e1d-77d182881f13
2020-01-11 11:50:09.108  INFO [ITEM-SERVICE,,,] 21720 --- [main] o.s.b.w.embedded.tomcat.TomcatWebServer  : Tomcat initialized with port(s): 8083 (http)
2020-01-11 11:50:09.118  INFO [ITEM-SERVICE,,,] 21720 --- [main] o.apache.catalina.core.StandardService   : Starting service [Tomcat]
2020-01-11 11:50:09.134  INFO [ITEM-SERVICE,,,] 21720 --- [main] org.apache.catalina.core.StandardEngine  : Starting Servlet engine: [Apache Tomcat/9.0.29]
2020-01-11 11:50:09.756  INFO [ITEM-SERVICE,,,] 21720 --- [main] o.a.c.c.C.[Tomcat].[localhost].[/]       : Initializing Spring embedded WebApplicationContext
2020-01-11 11:50:09.757  INFO [ITEM-SERVICE,,,] 21720 --- [main] o.s.web.context.ContextLoader            : Root WebApplicationContext: initialization completed in 2535 ms
2020-01-11 11:50:10.281  WARN [ITEM-SERVICE,,,] 21720 --- [main] c.n.c.sources.URLConfigurationSource     : No URLs will be polled as dynamic configuration sources.
2020-01-11 11:50:10.281  INFO [ITEM-SERVICE,,,] 21720 --- [main] c.n.c.sources.URLConfigurationSource     : To enable URLs as dynamic configuration sources, define System property archaius.configurationSource.additionalUrls or make config.properties available on classpath.
2020-01-11 11:50:10.293  WARN [ITEM-SERVICE,,,] 21720 --- [main] c.n.c.sources.URLConfigurationSource     : No URLs will be polled as dynamic configuration sources.
2020-01-11 11:50:10.294  INFO [ITEM-SERVICE,,,] 21720 --- [main] c.n.c.sources.URLConfigurationSource     : To enable URLs as dynamic configuration sources, define System property archaius.configurationSource.additionalUrls or make config.properties available on classpath.
2020-01-11 11:50:10.731  INFO [ITEM-SERVICE,,,] 21720 --- [main] o.s.s.concurrent.ThreadPoolTaskExecutor  : Initializing ExecutorService 'applicationTaskExecutor'
2020-01-11 11:50:13.159  WARN [ITEM-SERVICE,,,] 21720 --- [main] ockingLoadBalancerClientRibbonWarnLogger : You already have RibbonLoadBalancerClient on your classpath. It will be used by default. As Spring Cloud Ribbon is in maintenance mode. We recommend switching to BlockingLoadBalancerClient instead. In order to use it, set the value of `spring.cloud.loadbalancer.ribbon.enabled` to `false` or remove spring-cloud-starter-netflix-ribbon from your project.
2020-01-11 11:50:13.675  INFO [ITEM-SERVICE,,,] 21720 --- [main] o.s.c.n.eureka.InstanceInfoFactory       : Setting initial instance status as: STARTING
2020-01-11 11:50:13.815  INFO [ITEM-SERVICE,,,] 21720 --- [main] com.netflix.discovery.DiscoveryClient    : Initializing Eureka in region us-east-1
2020-01-11 11:50:14.508  INFO [ITEM-SERVICE,,,] 21720 --- [main] c.n.d.provider.DiscoveryJerseyProvider   : Using JSON encoding codec LegacyJacksonJson
2020-01-11 11:50:14.508  INFO [ITEM-SERVICE,,,] 21720 --- [main] c.n.d.provider.DiscoveryJerseyProvider   : Using JSON decoding codec LegacyJacksonJson
2020-01-11 11:50:14.713  INFO [ITEM-SERVICE,,,] 21720 --- [main] c.n.d.provider.DiscoveryJerseyProvider   : Using XML encoding codec XStreamXml
2020-01-11 11:50:14.713  INFO [ITEM-SERVICE,,,] 21720 --- [main] c.n.d.provider.DiscoveryJerseyProvider   : Using XML decoding codec XStreamXml
2020-01-11 11:50:14.942  INFO [ITEM-SERVICE,,,] 21720 --- [main] c.n.d.s.r.aws.ConfigClusterResolver      : Resolving eureka endpoints via configuration
2020-01-11 11:50:15.217  INFO [ITEM-SERVICE,,,] 21720 --- [main] com.netflix.discovery.DiscoveryClient    : Disable delta property : false
2020-01-11 11:50:15.217  INFO [ITEM-SERVICE,,,] 21720 --- [main] com.netflix.discovery.DiscoveryClient    : Single vip registry refresh property : null
2020-01-11 11:50:15.217  INFO [ITEM-SERVICE,,,] 21720 --- [main] com.netflix.discovery.DiscoveryClient    : Force full registry fetch : false
2020-01-11 11:50:15.217  INFO [ITEM-SERVICE,,,] 21720 --- [main] com.netflix.discovery.DiscoveryClient    : Application is null : false
2020-01-11 11:50:15.218  INFO [ITEM-SERVICE,,,] 21720 --- [main] com.netflix.discovery.DiscoveryClient    : Registered Applications size is zero : true
2020-01-11 11:50:15.218  INFO [ITEM-SERVICE,,,] 21720 --- [main] com.netflix.discovery.DiscoveryClient    : Application version is -1: true
2020-01-11 11:50:15.218  INFO [ITEM-SERVICE,,,] 21720 --- [main] com.netflix.discovery.DiscoveryClient    : Getting all instance registry info from the eureka server
2020-01-11 11:50:15.634  INFO [ITEM-SERVICE,,,] 21720 --- [main] com.netflix.discovery.DiscoveryClient    : The response status is 200
2020-01-11 11:50:15.637  INFO [ITEM-SERVICE,,,] 21720 --- [main] com.netflix.discovery.DiscoveryClient    : Starting heartbeat executor: renew interval is: 30
2020-01-11 11:50:15.640  INFO [ITEM-SERVICE,,,] 21720 --- [main] c.n.discovery.InstanceInfoReplicator     : InstanceInfoReplicator onDemand update allowed rate per min is 4
2020-01-11 11:50:15.645  INFO [ITEM-SERVICE,,,] 21720 --- [main] com.netflix.discovery.DiscoveryClient    : Discovery Client initialized at timestamp 1578723615644 with initial instances count: 0
2020-01-11 11:50:15.660  INFO [ITEM-SERVICE,,,] 21720 --- [main] o.s.c.n.e.s.EurekaServiceRegistry        : Registering application ITEM-SERVICE with eureka with status UP
2020-01-11 11:50:15.662  INFO [ITEM-SERVICE,,,] 21720 --- [main] com.netflix.discovery.DiscoveryClient    : Saw local status change event StatusChangeEvent [timestamp=1578723615662, current=UP, previous=STARTING]
2020-01-11 11:50:15.668  INFO [ITEM-SERVICE,,,] 21720 --- [DiscoveryClient-InstanceInfoReplicator-0] com.netflix.discovery.DiscoveryClient    : DiscoveryClient_ITEM-SERVICE/Aman-Lal.India.XoriantCorp.com:ITEM-SERVICE:8083: registering service...
2020-01-11 11:50:25.728  INFO [ITEM-SERVICE,,,] 21720 --- [main] o.s.b.w.embedded.tomcat.TomcatWebServer  : Tomcat started on port(s): 8083 (http) with context path ''
2020-01-11 11:50:25.729  INFO [ITEM-SERVICE,,,] 21720 --- [main] .s.c.n.e.s.EurekaAutoServiceRegistration : Updating port to 8083
2020-01-11 11:50:25.824  INFO [ITEM-SERVICE,,,] 21720 --- [DiscoveryClient-InstanceInfoReplicator-0] com.netflix.discovery.DiscoveryClient    : DiscoveryClient_ITEM-SERVICE/Aman-Lal.India.XoriantCorp.com:ITEM-SERVICE:8083 - registration status: 204
2020-01-11 11:50:26.076  INFO [ITEM-SERVICE,,,] 21720 --- [main] com.example.items.ItemsApplication       : Started ItemsApplication in 20.271 seconds (JVM running for 21.332)
2020-01-11 11:50:45.638  INFO [ITEM-SERVICE,,,] 21720 --- [DiscoveryClient-CacheRefreshExecutor-0] com.netflix.discovery.DiscoveryClient    : Disable delta property : false
2020-01-11 11:50:45.638  INFO [ITEM-SERVICE,,,] 21720 --- [DiscoveryClient-CacheRefreshExecutor-0] com.netflix.discovery.DiscoveryClient    : Single vip registry refresh property : null
2020-01-11 11:50:45.639  INFO [ITEM-SERVICE,,,] 21720 --- [DiscoveryClient-CacheRefreshExecutor-0] com.netflix.discovery.DiscoveryClient    : Force full registry fetch : false
2020-01-11 11:50:45.639  INFO [ITEM-SERVICE,,,] 21720 --- [DiscoveryClient-CacheRefreshExecutor-0] com.netflix.discovery.DiscoveryClient    : Application is null : false
2020-01-11 11:50:45.639  INFO [ITEM-SERVICE,,,] 21720 --- [DiscoveryClient-CacheRefreshExecutor-0] com.netflix.discovery.DiscoveryClient    : Registered Applications size is zero : true
2020-01-11 11:50:45.639  INFO [ITEM-SERVICE,,,] 21720 --- [DiscoveryClient-CacheRefreshExecutor-0] com.netflix.discovery.DiscoveryClient    : Application version is -1: false
2020-01-11 11:50:45.639  INFO [ITEM-SERVICE,,,] 21720 --- [DiscoveryClient-CacheRefreshExecutor-0] com.netflix.discovery.DiscoveryClient    : Getting all instance registry info from the eureka server
2020-01-11 11:50:45.681  INFO [ITEM-SERVICE,,,] 21720 --- [DiscoveryClient-CacheRefreshExecutor-0] com.netflix.discovery.DiscoveryClient    : The response status is 200
2020-01-11 11:55:15.223  INFO [ITEM-SERVICE,,,] 21720 --- [AsyncResolver-bootstrap-executor-0] c.n.d.s.r.aws.ConfigClusterResolver      : Resolving eureka endpoints via configuration
2020-01-11 11:58:08.288  INFO [ITEM-SERVICE,,,] 21720 --- [http-nio-8083-exec-1] o.a.c.c.C.[Tomcat].[localhost].[/]       : Initializing Spring DispatcherServlet 'dispatcherServlet'
2020-01-11 11:58:08.288  INFO [ITEM-SERVICE,,,] 21720 --- [http-nio-8083-exec-1] o.s.web.servlet.DispatcherServlet        : Initializing Servlet 'dispatcherServlet'
2020-01-11 11:58:08.304  INFO [ITEM-SERVICE,,,] 21720 --- [http-nio-8083-exec-1] o.s.web.servlet.DispatcherServlet        : Completed initialization in 16 ms
2020-01-11 11:58:08.348  INFO [ITEM-SERVICE,faa0edebff8e1f26,faa0edebff8e1f26,true] 21720 --- [http-nio-8083-exec-1] c.e.items.controller.ItemController      : Car Items
2020-01-11 11:58:08.348  INFO [ITEM-SERVICE,faa0edebff8e1f26,faa0edebff8e1f26,true] 21720 --- [http-nio-8083-exec-1] c.e.items.controller.ItemController      : Car Items List :: [Nano, Nano, Nano, Nano]
2020-01-11 11:58:13.481  INFO [ITEM-SERVICE,0768f801337631cc,0768f801337631cc,true] 21720 --- [http-nio-8083-exec-2] c.e.items.controller.ItemController      : Car Items
2020-01-11 11:58:13.482  INFO [ITEM-SERVICE,0768f801337631cc,0768f801337631cc,true] 21720 --- [http-nio-8083-exec-2] c.e.items.controller.ItemController      : Car Items List :: [Nano, Nano, Nano, Nano]
2020-01-11 12:00:15.224  INFO [ITEM-SERVICE,,,] 21720 --- [AsyncResolver-bootstrap-executor-0] c.n.d.s.r.aws.ConfigClusterResolver      : Resolving eureka endpoints via configuration
2020-01-11 12:05:15.227  INFO [ITEM-SERVICE,,,] 21720 --- [AsyncResolver-bootstrap-executor-0] c.n.d.s.r.aws.ConfigClusterResolver      : Resolving eureka endpoints via configuration
2020-01-11 12:10:15.231  INFO [ITEM-SERVICE,,,] 21720 --- [AsyncResolver-bootstrap-executor-0] c.n.d.s.r.aws.ConfigClusterResolver      : Resolving eureka endpoints via configuration
